<?xml version="1.0" encoding="UTF-8" ?>
<testsuite failures="0" time="10.352" errors="0" skipped="0" tests="1" name="packt.selenium.chap5_2.TestDesignConsiderationsTest">
  <properties>
    <property name="java.runtime.name" value="Java(TM) SE Runtime Environment"/>
    <property name="sun.boot.library.path" value="C:\Java\jdk1.7.0\jre\bin"/>
    <property name="java.vm.version" value="21.0-b17"/>
    <property name="java.vm.vendor" value="Oracle Corporation"/>
    <property name="java.vendor.url" value="http://java.oracle.com/"/>
    <property name="path.separator" value=";"/>
    <property name="guice.disable.misplaced.annotation.check" value="true"/>
    <property name="java.vm.name" value="Java HotSpot(TM) Client VM"/>
    <property name="file.encoding.pkg" value="sun.io"/>
    <property name="user.script" value=""/>
    <property name="user.country" value="US"/>
    <property name="sun.java.launcher" value="SUN_STANDARD"/>
    <property name="sun.os.patch.level" value="Service Pack 1"/>
    <property name="java.vm.specification.name" value="Java Virtual Machine Specification"/>
    <property name="user.dir" value="C:\Tutorial\Selenium\Mastering Selenium Testing Tools [Video]\5487OS_Code\Final Example Code\Chapter5_2"/>
    <property name="java.runtime.version" value="1.7.0-b147"/>
    <property name="java.awt.graphicsenv" value="sun.awt.Win32GraphicsEnvironment"/>
    <property name="java.endorsed.dirs" value="C:\Java\jdk1.7.0\jre\lib\endorsed"/>
    <property name="os.arch" value="x86"/>
    <property name="java.io.tmpdir" value="C:\Users\dhsing\AppData\Local\Temp\"/>
    <property name="line.separator" value="
"/>
    <property name="java.vm.specification.vendor" value="Oracle Corporation"/>
    <property name="user.variant" value=""/>
    <property name="os.name" value="Windows 7"/>
    <property name="classworlds.conf" value="C:\Users\dhsing\dev\apache-maven-3.0.4\bin\m2.conf"/>
    <property name="sun.jnu.encoding" value="Cp1252"/>
    <property name="java.library.path" value="C:\Java\jdk1.7.0\bin;C:\Windows\Sun\Java\bin;C:\Windows\system32;C:\Windows;C:\ProgramData\Oracle\Java\javapath;C:\Program Files (x86)\WebEx\PTools020000000;C:\Oracle11g\product\11.2.0\client\bin;C:\oracle;C:\app\dhsing\product\11.2.0\client_1;C:\Windows\system32;C:\Windows;C:\Windows\System32\Wbem;C:\Taglist;C:\Rdiff\rdiff;C:\Java\jdk1.7.0\bin;C:\muleStandalone3.2.1\bin;C:\Jar;C:\Program Files (x86)\cvsnt;C:\Program Files (x86)\Graphviz 2.28\bin;C:\Windows\System32\WindowsPowerShell\v1.0\;C:\Program Files\nodejs\;C:\Program Files (x86)\Skype\Phone\;C:\Python\Python27;C:\Python\Python27\Scripts;C:\Java\jdk1.7.0\bin;C:\Users\dhsing\dev\apache-maven-3.0.4\bin;C:\axis2-1.5.1-bin\axis2-1.5.1\bin;C:\ProgramData\Oracle\Java\javapath;C:\Program Files (x86)\WebEx\PTools020000000;C:\Oracle11g\product\11.2.0\client\bin;C:\oracle;C:\app\dhsing\product\11.2.0\client_1;C:\Windows\system32;C:\Windows;C:\Windows\System32\Wbem;C:\Taglist;C:\Rdiff\rdiff;C:\Java\jdk1.7.0\bin;C:\muleStandalone3.2.1\bin;C:\Jar;C:\Program Files (x86)\cvsnt;C:\Program Files (x86)\Graphviz 2.28\bin;C:\Windows\System32\WindowsPowerShell\v1.0\;C:\Program Files\nodejs\;C:\Program Files (x86)\Skype\Phone\;C:\Python\Python27;C:\Python\Python27\Scripts;C:\apache-ant-1.8.4-bin\apache-ant-1.8.4\bin;C:\apps\Git\cmd;C:\apps\Git\bin;C:\Users\dhsing\AppData\Roaming\npm;C:\Python\Python27;;."/>
    <property name="java.specification.name" value="Java Platform API Specification"/>
    <property name="java.class.version" value="51.0"/>
    <property name="sun.management.compiler" value="HotSpot Client Compiler"/>
    <property name="os.version" value="6.1"/>
    <property name="user.home" value="C:\Users\dhsing"/>
    <property name="user.timezone" value="America/Chicago"/>
    <property name="java.awt.printerjob" value="sun.awt.windows.WPrinterJob"/>
    <property name="java.specification.version" value="1.7"/>
    <property name="file.encoding" value="Cp1252"/>
    <property name="user.name" value="dhsing"/>
    <property name="java.class.path" value="C:\Users\dhsing\dev\apache-maven-3.0.4\boot\plexus-classworlds-2.4.jar"/>
    <property name="java.vm.specification.version" value="1.7"/>
    <property name="sun.arch.data.model" value="32"/>
    <property name="java.home" value="C:\Java\jdk1.7.0\jre"/>
    <property name="sun.java.command" value="org.codehaus.plexus.classworlds.launcher.Launcher clean test"/>
    <property name="java.specification.vendor" value="Oracle Corporation"/>
    <property name="user.language" value="en"/>
    <property name="awt.toolkit" value="sun.awt.windows.WToolkit"/>
    <property name="java.vm.info" value="mixed mode, sharing"/>
    <property name="java.version" value="1.7.0"/>
    <property name="java.ext.dirs" value="C:\Java\jdk1.7.0\jre\lib\ext;C:\Windows\Sun\Java\lib\ext"/>
    <property name="sun.boot.class.path" value="C:\Java\jdk1.7.0\jre\lib\resources.jar;C:\Java\jdk1.7.0\jre\lib\rt.jar;C:\Java\jdk1.7.0\jre\lib\sunrsasign.jar;C:\Java\jdk1.7.0\jre\lib\jsse.jar;C:\Java\jdk1.7.0\jre\lib\jce.jar;C:\Java\jdk1.7.0\jre\lib\charsets.jar;C:\Java\jdk1.7.0\jre\classes"/>
    <property name="java.vendor" value="Oracle Corporation"/>
    <property name="maven.home" value="C:\Users\dhsing\dev\apache-maven-3.0.4"/>
    <property name="file.separator" value="\"/>
    <property name="java.vendor.url.bug" value="http://bugreport.sun.com/bugreport/"/>
    <property name="sun.cpu.endian" value="little"/>
    <property name="sun.io.unicode.encoding" value="UnicodeLittle"/>
    <property name="sun.desktop" value="windows"/>
    <property name="sun.cpu.isalist" value="pentium_pro+mmx pentium_pro pentium+mmx pentium i486 i386 i86"/>
  </properties>
  <testcase time="10.299" classname="packt.selenium.chap5_2.TestDesignConsiderationsTest" name="testHeading_PageObjectDesignPattern"/>
</testsuite>